<?xml version="1.0" encoding="UTF-8"?>
<!-- Generated by org.testng.reporters.JUnitReportReporter -->
<testsuite hostname="DESKTOP-48QKQ3S" failures="0" tests="1" name="com.crm.qa.testcases.LoginPageTest" time="33.887" errors="0" timestamp="01 Aug 2024 03:14:07 GMT" skipped="0">
  <testcase classname="com.crm.qa.testcases.LoginPageTest" name="loginPageTitleTest" time="33.887"/>
</testsuite> <!-- com.crm.qa.testcases.LoginPageTest -->
